["SBARQ", ["WHNP+PRON", "What"], ["SBARQ", ["SQ", ["VERB", "was"], ["NP", ["DET", "the"], ["NP", ["NP", ["NOUN", "monetary"], ["NOUN", "value"]], ["PP", ["ADP", "of"], ["NP", ["DET", "the"], ["NP", ["NOUN", "Nobel"], ["NP", ["NP", ["NOUN", "Peace"], ["NOUN", "Prize"]], ["PP", ["ADP", "in"], ["NP+NOUN", "1989"]]]]]]]]], [".", "?"]]]
["SBARQ", ["WHNP+PRON", "What"], ["SBARQ", ["SQ", ["VERB", "does"], ["NP", ["DET", "the"], ["NP", ["NOUN", "Peugeot"], ["NP", ["NOUN", "company"], ["NOUN", "manufacture"]]]]], [".", "?"]]]
["SBARQ", ["WHADVP", ["ADV", "How"], ["ADV", "much"]], ["SBARQ", ["SQ", ["VERB", "did"], ["NP", ["NP", ["NP", ["NOUN", "Mercury"], ["NOUN", "spend"]], ["PP", ["ADP", "on"], ["NP+NOUN", "advertising"]]], ["PP", ["ADP", "in"], ["NP+NOUN", "1993"]]]], [".", "?"]]]
["SBARQ", ["WHNP+PRON", "What"], ["SBARQ", ["SQ", ["VERB", "is"], ["NP", ["NP", ["DET", "the"], ["NOUN", "name"]], ["PP", ["ADP", "of"], ["NP", ["DET", "the"], ["NP", ["NP", ["NOUN", "managing"], ["NOUN", "director"]], ["PP", ["ADP", "of"], ["NP", ["NOUN", "Apricot"], ["NOUN", "Computer"]]]]]]]], [".", "?"]]]
["SBARQ", ["WHADVP+ADV", "Why"], ["SBARQ", ["SQ", ["VERB", "did"], ["SQ", ["NP", ["NOUN", "David"], ["NOUN", "Koresh"]], ["VP", ["VERB", "ask"], ["NP", ["NP", ["DET", "the"], ["NOUN", "FBI"]], ["PP", ["ADP", "for"], ["NP", ["DET", "a"], ["NP", ["NOUN", "word"], ["NOUN", "processor"]]]]]]]], [".", "?"]]]
["SBARQ", ["WHNP", ["DET", "What"], ["NP", ["NUM", "two"], ["NOUN", "researchers"]]], ["SBARQ", ["SQ", ["VERB", "discovered"], ["NP", ["NP", ["NP", ["DET", "the"], ["NP", ["NOUN", "double-helix"], ["NOUN", "structure"]]], ["PP", ["ADP", "of"], ["NP+NOUN", "DNA"]]], ["PP", ["ADP", "in"], ["NP+NOUN", "1953"]]]], [".", "?"]]]
["SBARQ", ["WHNP+PRON", "What"], ["SBARQ", ["SQ", ["NP", ["NOUN", "Nobel"], ["NOUN", "laureate"]], ["VP", ["VERB", "was"], ["VP", ["VERB", "expelled"], ["PP", ["ADP", "from"], ["NP", ["NP", ["DET", "the"], ["NOUN", "Philippines"]], ["PP", ["ADP", "before"], ["NP", ["NP", ["DET", "the"], ["NOUN", "conference"]], ["PP", ["ADP", "on"], ["NP", ["NOUN", "East"], ["NOUN", "Timor"]]]]]]]]]], [".", "?"]]]
["SBARQ", ["WHNP+PRON", "Who"], ["SBARQ", ["SQ", ["VERB", "held"], ["NP", ["NP", ["DET", "the"], ["NP", ["NOUN", "endurance"], ["NOUN", "record"]]], ["PP", ["ADP", "for"], ["NP", ["NP", ["NOUN", "women"], ["NOUN", "pilots"]], ["PP", ["ADP", "in"], ["NP+NOUN", "1929"]]]]]], [".", "?"]]]
["SBARQ", ["WHNP+PRON", "Who"], ["SBARQ", ["SQ", ["VERB", "won"], ["NP", ["DET", "the"], ["NP", ["NP", ["ADJ", "first"], ["NP", ["NOUN", "general"], ["NOUN", "election"]]], ["PP", ["ADP", "for"], ["NP", ["NP", ["NP", ["NOUN", "President"], ["NOUN", "held"]], ["PP", ["ADP", "in"], ["NP+NOUN", "Malawi"]]], ["PP", ["ADP", "in"], ["NP", ["NOUN", "May"], ["NOUN", "1994"]]]]]]]], [".", "?"]]]
["SBARQ", ["WHNP+PRON", "Who"], ["SBARQ", ["SQ", ["VERB", "is"], ["NP", ["NP", ["NOUN", "section"], ["NOUN", "manager"]], ["PP", ["ADP", "for"], ["NP", ["NOUN", "guidance"], ["NP", ["CONJ", "and"], ["NP", ["NP", ["NOUN", "control"], ["NOUN", "systems"]], ["PP", ["ADP", "at"], ["NP+NOUN", "JPL"]]]]]]]], [".", "?"]]]
["SBARQ", ["WHNP+PRON", "Who"], ["SBARQ", ["SQ", ["VERB", "was"], ["NP", ["NP", ["DET", "the"], ["NOUN", "president"]], ["PP", ["ADP", "of"], ["NP", ["NOUN", "Vichy"], ["NOUN", "France"]]]]], [".", "?"]]]
["SBARQ", ["WHNP+PRON", "Who"], ["SBARQ", ["SQ", ["VERB", "invented"], ["NP+NOUN", "television"]], [".", "?"]]]
["SBARQ", ["WHNP+PRON", "Who"], ["SBARQ", ["SQ", ["VERB", "made"], ["NP", ["DET", "the"], ["NP", ["ADJ", "first"], ["NOUN", "airplane"]]]], [".", "?"]]]
["SBARQ", ["WHNP+PRON", "Who"], ["SBARQ", ["SQ", ["VERB", "made"], ["NP", ["DET", "the"], ["NP", ["NP", ["ADJ", "first"], ["NOUN", "airplane"]], ["PP", ["ADP", "that"], ["NP", ["NOUN", "could"], ["NOUN", "fly"]]]]]], [".", "?"]]]
["SBARQ", ["WHNP", ["WHADJP", ["ADV", "How"], ["ADJ", "many"]], ["NOUN", "astronauts"]], ["SBARQ", ["SQ+VP", ["VERB", "have"], ["VP", ["VERB", "been"], ["PP", ["ADP", "on"], ["NP", ["DET", "the"], ["NOUN", "moon"]]]]], [".", "?"]]]
["SBARQ", ["WHNP+PRON", "What"], ["SBARQ", ["SQ", ["VERB", "is"], ["NP", ["NP", ["DET", "the"], ["NOUN", "name"]], ["PP", ["ADP", "of"], ["NP", ["DET", "the"], ["NP", ["NOUN", "second"], ["NP", ["NOUN", "space"], ["NOUN", "shuttle"]]]]]]], [".", "?"]]]
["SBARQ", ["WHADJP", ["ADV", "How"], ["ADJ", "old"]], ["SBARQ", ["SQ", ["VERB", "is"], ["NP", ["DET", "the"], ["NOUN", "sun"]]], [".", "?"]]]
["SBARQ", ["WHNP+PRON", "What"], ["SBARQ", ["SQ", ["VERB", "is"], ["NP", ["NP", ["DET", "the"], ["NOUN", "wingspan"]], ["PP", ["ADP", "of"], ["NP", ["DET", "a"], ["NOUN", "condor"]]]]], [".", "?"]]]
["SBARQ", ["WHADVP+ADV", "When"], ["SBARQ", ["SQ", ["VERB", "was"], ["NP", ["NOUN", "Microsoft"], ["NOUN", "established"]]], [".", "?"]]]
["SBARQ", ["WHNP+PRON", "What"], ["SBARQ", ["SQ", ["VERB", "<s"], ["NP", ["DET", "the"], ["NP", ["NP", ["ADJ", "average"], ["NOUN", "salary"]], ["PP", ["ADP", "of"], ["NP", ["DET", "a"], ["NP", ["NOUN", "professional"], ["NP", ["NOUN", "baseball"], ["NOUN", "player"]]]]]]]], [".", "?"]]]
["SBARQ", ["WHNP+PRON", "What"], ["SBARQ", ["SQ", ["VERB", "is"], ["NP", ["DET", "a"], ["NOUN", "nanometer"]]], [".", "?"]]]
["SBARQ", ["WHADVP+ADV", "How"], ["SBARQ", ["SQ", ["VERB", "did"], ["SQ", ["NP", ["NOUN", "Bob"], ["NOUN", "Marley"]], ["VP+VERB", "die"]]], [".", "?"]]]
["SBARQ", ["WHNP", ["DET", "What"], ["NOUN", "instrument"]], ["SBARQ", ["SQ", ["VERB", "is"], ["SQ", ["NP", ["NOUN", "Ray"], ["NOUN", "Charles"]], ["VP", ["ADVP+ADV", "best"], ["VP", ["VERB", "known"], ["PP", ["ADP", "for"], ["NP+NOUN", "playing"]]]]]], [".", "?"]]]
["SBARQ", ["WHNP+PRON", "What"], ["SBARQ", ["SQ", ["VERB", "is"], ["SQ", ["VERB", "Dick"], ["NP", ["NP", ["NOUN", "Clark"], ["PRT", "<s"]], ["NOUN", "birthday"]]]], [".", "?"]]]
["SBARQ", ["WHNP+PRON", "What"], ["SBARQ", ["SQ", ["VERB", "is"], ["NP+NOUN", "titanium"]], [".", "?"]]]
